<?xml version="1.0" encoding="UTF-8"?>
<!-- Generated by org.testng.reporters.JUnitReportReporter -->
<testsuite skipped="0" hostname="DESKTOP-M2RIIBP" name="org.apache.maven.archetypes.nopcommerceApp.TestDeleteSearchedProduct" tests="1" failures="0" timestamp="2020-12-12T17:15:15 IST" time="7.059" errors="0">
  <testcase name="test_IfSearchedProductWasDeletedAfterPressingDeleteButton" time="7.059" classname="org.apache.maven.archetypes.nopcommerceApp.TestDeleteSearchedProduct"/>
  <system-out/>
</testsuite> <!-- org.apache.maven.archetypes.nopcommerceApp.TestDeleteSearchedProduct -->
