<?xml version="1.0" encoding="UTF-8"?>
<!-- Generated by org.testng.reporters.JUnitReportReporter -->
<testsuite skipped="0" hostname="DESKTOP-M2RIIBP" name="org.apache.maven.archetypes.nopcommerceApp.TestEditSearchedProduct" tests="1" failures="0" timestamp="2020-12-14T11:16:29 IST" time="8.554" errors="0">
  <testcase name="test_ifTheSearchedProductUpdatedAfterEditing" time="8.554" classname="org.apache.maven.archetypes.nopcommerceApp.TestEditSearchedProduct"/>
  <system-out/>
</testsuite> <!-- org.apache.maven.archetypes.nopcommerceApp.TestEditSearchedProduct -->
