<?xml version="1.0" encoding="UTF-8"?>
<!-- Generated by org.testng.reporters.JUnitReportReporter -->
<testsuite skipped="0" hostname="DESKTOP-M2RIIBP" name="org.apache.maven.archetypes.nopcommerceApp.TestAddManufacturer" tests="1" failures="0" timestamp="2020-12-14T10:25:17 IST" time="10.611" errors="0">
  <testcase name="test_addManufacturer" time="10.611" classname="org.apache.maven.archetypes.nopcommerceApp.TestAddManufacturer"/>
  <system-out/>
</testsuite> <!-- org.apache.maven.archetypes.nopcommerceApp.TestAddManufacturer -->
