<?xml version="1.0" encoding="UTF-8"?>
<!-- Generated by org.testng.reporters.JUnitReportReporter -->
<testsuite skipped="0" hostname="DESKTOP-M2RIIBP" name="org.apache.maven.archetypes.nopcommerceApp.TestEditSearchedProduct" tests="1" failures="0" timestamp="2020-12-12T17:15:15 IST" time="7.875" errors="0">
  <testcase name="test_ifTheSearchedProductUpdatedAfterEditing" time="7.875" classname="org.apache.maven.archetypes.nopcommerceApp.TestEditSearchedProduct"/>
  <system-out/>
</testsuite> <!-- org.apache.maven.archetypes.nopcommerceApp.TestEditSearchedProduct -->
