<?xml version="1.0" encoding="UTF-8"?>
<!-- Generated by org.testng.reporters.JUnitReportReporter -->
<testsuite skipped="0" hostname="DESKTOP-M2RIIBP" name="org.apache.maven.archetypes.nopcommerceApp.TestSearchProductByName" tests="1" failures="0" timestamp="2020-12-14T12:46:17 IST" time="5.473" errors="0">
  <testcase name="test_searchByProductName" time="5.473" classname="org.apache.maven.archetypes.nopcommerceApp.TestSearchProductByName"/>
  <system-out/>
</testsuite> <!-- org.apache.maven.archetypes.nopcommerceApp.TestSearchProductByName -->
