<?xml version="1.0" encoding="UTF-8"?>
<!-- Generated by org.testng.reporters.JUnitReportReporter -->
<testsuite skipped="0" hostname="DESKTOP-M2RIIBP" name="org.apache.maven.archetypes.nopcommerceApp.TestLogin" tests="1" failures="0" timestamp="2020-12-13T20:10:51 IST" time="4.842" errors="0">
  <testcase name="test_login" time="4.842" classname="org.apache.maven.archetypes.nopcommerceApp.TestLogin"/>
  <system-out/>
</testsuite> <!-- org.apache.maven.archetypes.nopcommerceApp.TestLogin -->
