<?xml version="1.0" encoding="UTF-8"?>
<!-- Generated by org.testng.reporters.JUnitReportReporter -->
<testsuite skipped="0" hostname="DESKTOP-M2RIIBP" name="org.apache.maven.archetypes.nopcommerceApp.DDTestLogin" tests="4" failures="0" timestamp="2020-12-14T10:34:23 IST" time="6.514" errors="0">
  <testcase name="ddt_test_login" time="0.515" classname="org.apache.maven.archetypes.nopcommerceApp.DDTestLogin"/>
  <system-out/>
  <testcase name="ddt_test_login" time="0.558" classname="org.apache.maven.archetypes.nopcommerceApp.DDTestLogin"/>
  <system-out/>
  <testcase name="ddt_test_login" time="0.516" classname="org.apache.maven.archetypes.nopcommerceApp.DDTestLogin"/>
  <system-out/>
  <testcase name="ddt_test_login" time="4.925" classname="org.apache.maven.archetypes.nopcommerceApp.DDTestLogin"/>
  <system-out/>
</testsuite> <!-- org.apache.maven.archetypes.nopcommerceApp.DDTestLogin -->
