<?xml version="1.0" encoding="UTF-8"?>
<!-- Generated by org.testng.reporters.JUnitReportReporter -->
<testsuite skipped="0" hostname="DESKTOP-M2RIIBP" name="org.apache.maven.archetypes.nopcommerceApp.TestSearchProductByType" tests="1" failures="0" timestamp="2020-12-14T10:34:23 IST" time="0.555" errors="0">
  <testcase name="test_searchProductByType" time="0.555" classname="org.apache.maven.archetypes.nopcommerceApp.TestSearchProductByType"/>
  <system-out/>
</testsuite> <!-- org.apache.maven.archetypes.nopcommerceApp.TestSearchProductByType -->
