<?xml version="1.0" encoding="UTF-8"?>
<!-- Generated by org.testng.reporters.JUnitReportReporter -->
<testsuite skipped="0" hostname="DESKTOP-M2RIIBP" name="org.apache.maven.archetypes.nopcommerceApp.TestLogin" tests="1" failures="0" timestamp="2020-12-14T12:42:33 IST" time="5.080" errors="0">
  <testcase name="test_login" time="5.080" classname="org.apache.maven.archetypes.nopcommerceApp.TestLogin"/>
  <system-out/>
</testsuite> <!-- org.apache.maven.archetypes.nopcommerceApp.TestLogin -->
