<?xml version="1.0" encoding="UTF-8"?>
<!-- Generated by org.testng.reporters.JUnitReportReporter -->
<testsuite skipped="0" hostname="DESKTOP-M2RIIBP" name="org.apache.maven.archetypes.nopcommerceApp.DDTestLogin" tests="4" failures="0" timestamp="2020-12-13T19:15:13 IST" time="8.159" errors="0">
  <testcase name="ddt_test_login" time="0.550" classname="org.apache.maven.archetypes.nopcommerceApp.DDTestLogin"/>
  <system-out/>
  <testcase name="ddt_test_login" time="6.499" classname="org.apache.maven.archetypes.nopcommerceApp.DDTestLogin"/>
  <system-out/>
  <testcase name="ddt_test_login" time="0.567" classname="org.apache.maven.archetypes.nopcommerceApp.DDTestLogin"/>
  <system-out/>
  <testcase name="ddt_test_login" time="0.543" classname="org.apache.maven.archetypes.nopcommerceApp.DDTestLogin"/>
  <system-out/>
</testsuite> <!-- org.apache.maven.archetypes.nopcommerceApp.DDTestLogin -->
