<?xml version="1.0" encoding="UTF-8"?>
<!-- Generated by org.testng.reporters.JUnitReportReporter -->
<testsuite skipped="0" hostname="DESKTOP-M2RIIBP" name="org.apache.maven.archetypes.nopcommerceApp.DDTestLogin" tests="4" failures="0" timestamp="2020-12-14T12:42:33 IST" time="8.601" errors="0">
  <testcase name="ddt_test_login" time="0.523" classname="org.apache.maven.archetypes.nopcommerceApp.DDTestLogin"/>
  <system-out/>
  <testcase name="ddt_test_login" time="0.480" classname="org.apache.maven.archetypes.nopcommerceApp.DDTestLogin"/>
  <system-out/>
  <testcase name="ddt_test_login" time="0.528" classname="org.apache.maven.archetypes.nopcommerceApp.DDTestLogin"/>
  <system-out/>
  <testcase name="ddt_test_login" time="7.070" classname="org.apache.maven.archetypes.nopcommerceApp.DDTestLogin"/>
  <system-out/>
</testsuite> <!-- org.apache.maven.archetypes.nopcommerceApp.DDTestLogin -->
