<?xml version="1.0" encoding="UTF-8"?>
<!-- Generated by org.testng.reporters.JUnitReportReporter -->
<testsuite skipped="0" hostname="DESKTOP-M2RIIBP" name="org.apache.maven.archetypes.nopcommerceApp.TestAddProduct" tests="1" failures="0" timestamp="2020-12-13T19:15:13 IST" time="14.599" errors="0">
  <testcase name="test_AddProduct" time="14.599" classname="org.apache.maven.archetypes.nopcommerceApp.TestAddProduct"/>
  <system-out/>
</testsuite> <!-- org.apache.maven.archetypes.nopcommerceApp.TestAddProduct -->
