<?xml version="1.0" encoding="UTF-8"?>
<!-- Generated by org.testng.reporters.JUnitReportReporter -->
<testsuite skipped="0" hostname="DESKTOP-M2RIIBP" name="org.apache.maven.archetypes.nopcommerceApp.TestDeleteSearchedProduct" tests="1" failures="0" timestamp="2020-12-12T18:32:29 IST" time="9.693" errors="0">
  <testcase name="test_IfSearchedProductWasDeletedAfterPressingDeleteButton" time="9.693" classname="org.apache.maven.archetypes.nopcommerceApp.TestDeleteSearchedProduct"/>
  <system-out/>
</testsuite> <!-- org.apache.maven.archetypes.nopcommerceApp.TestDeleteSearchedProduct -->
