<?xml version="1.0" encoding="UTF-8"?>
<!-- Generated by org.testng.reporters.JUnitReportReporter -->
<testsuite skipped="0" hostname="DESKTOP-M2RIIBP" name="org.apache.maven.archetypes.nopcommerceApp.DDTestLogin" tests="4" failures="0" timestamp="2020-12-12T18:32:29 IST" time="7.876" errors="0">
  <testcase name="ddt_test_login" time="0.506" classname="org.apache.maven.archetypes.nopcommerceApp.DDTestLogin"/>
  <system-out/>
  <testcase name="ddt_test_login" time="0.541" classname="org.apache.maven.archetypes.nopcommerceApp.DDTestLogin"/>
  <system-out/>
  <testcase name="ddt_test_login" time="0.555" classname="org.apache.maven.archetypes.nopcommerceApp.DDTestLogin"/>
  <system-out/>
  <testcase name="ddt_test_login" time="6.274" classname="org.apache.maven.archetypes.nopcommerceApp.DDTestLogin"/>
  <system-out/>
</testsuite> <!-- org.apache.maven.archetypes.nopcommerceApp.DDTestLogin -->
